#
# There is insufficient memory for the Java Runtime Environment to continue.
# Native memory allocation (mmap) failed to map 132120576 bytes for Failed to commit area from 0x0000000082800000 to 0x000000008a600000 of length 132120576.
# Possible reasons:
#   The system is out of physical RAM or swap space
#   The process is running with CompressedOops enabled, and the Java Heap may be blocking the growth of the native heap
# Possible solutions:
#   Reduce memory load on the system
#   Increase physical memory or swap space
#   Check if swap backing store is full
#   Decrease Java heap size (-Xmx/-Xms)
#   Decrease number of Java threads
#   Decrease Java thread stack sizes (-Xss)
#   Set larger code cache with -XX:ReservedCodeCacheSize=
# This output file may be truncated or incomplete.
#
#  Out of Memory Error (t:/workspace/open/src/hotspot/os/windows/os_windows.cpp:3301), pid=15196, tid=19028
#
# JRE version:  (13.0.2+8) (build )
# Java VM: Java HotSpot(TM) 64-Bit Server VM (13.0.2+8, mixed mode, aot, sharing, tiered, compressed oops, g1 gc, windows-amd64)
# No core dump will be written. Minidumps are not enabled by default on client versions of Windows
#

---------------  S U M M A R Y ------------

Command Line: -Dfile.encoding=UTF-8 --module-path=C:\Users\mturr\OneDrive\Documentos\NetBeansProjects\Examen_final\build\classes Principal

Host: Intel(R) Core(TM) i5-10210U CPU @ 1.60GHz, 8 cores, 7G,  Windows 10 , 64 bit Build 22000 (10.0.22000.1880)
Time: Sun Jun  4 22:09:04 2023 Hora de verano romance elapsed time: 0 seconds (0d 0h 0m 0s)

---------------  T H R E A D  ---------------

Current thread (0x0000019787aad800):  JavaThread "Unknown thread" [_thread_in_vm, id=19028, stack(0x0000005f88500000,0x0000005f88600000)]

Stack: [0x0000005f88500000,0x0000005f88600000]
Native frames: (J=compiled Java code, j=interpreted, Vv=VM code, C=native code)
V  [jvm.dll+0x624f9a]
V  [jvm.dll+0x770cfa]
V  [jvm.dll+0x7724af]
V  [jvm.dll+0x772ab3]
V  [jvm.dll+0x24bf08]
V  [jvm.dll+0x6222aa]
V  [jvm.dll+0x6170b5]
V  [jvm.dll+0x30a88c]
V  [jvm.dll+0x30a6c2]
V  [jvm.dll+0x30fe36]
V  [jvm.dll+0x353f46]
V  [jvm.dll+0x353720]
V  [jvm.dll+0x2e550a]
V  [jvm.dll+0x2e67a2]
V  [jvm.dll+0x74dd78]
V  [jvm.dll+0x361989]
V  [jvm.dll+0x730e65]
V  [jvm.dll+0x3cc53f]
V  [jvm.dll+0x3ce861]
C  [jli.dll+0x51ff]
C  [ucrtbase.dll+0x26c0c]
C  [KERNEL32.DLL+0x155a0]
C  [ntdll.dll+0x485b]


---------------  P R O C E S S  ---------------

Threads class SMR info:
_java_thread_list=0x00007ff89af0ccb8, length=0, elements={
}

Java Threads: ( => current thread )

Other Threads:
  0x0000019787af2800 GCTaskThread "GC Thread#0" [stack: 0x0000005f88600000,0x0000005f88700000] [id=11052]
  0x0000019787b04800 ConcurrentGCThread "G1 Main Marker" [stack: 0x0000005f88700000,0x0000005f88800000] [id=1876]
  0x0000019787b07800 ConcurrentGCThread "G1 Conc#0" [stack: 0x0000005f88800000,0x0000005f88900000] [id=9044]

[error occurred during error reporting (printing all threads), id 0xc0000005, EXCEPTION_ACCESS_VIOLATION (0xc0000005) at pc=0x00007ff89a7451d7]

VM state:not at safepoint (not fully initialized)

VM Mutex/Monitor currently owned by a thread:  ([mutex/lock_event])
[0x0000019787aaafe0] Heap_lock - owner thread: 0x0000019787aad800

Heap address: 0x0000000082800000, size: 2008 MB, Compressed Oops mode: Non-zero based: 0x0000000082800000
Narrow klass base: 0x0000000000000000, Narrow klass shift: 0

GC Heap History (0 events):
No events

Deoptimization events (0 events):
No events

Classes unloaded (0 events):
No events

Classes redefined (0 events):
No events

Internal exceptions (0 events):
No events

Events (8 events):
Event: 0.006 Loaded shared library C:\Program Files\Java\jdk-13.0.2\bin\zip.dll
Event: 0.006 Loaded shared library C:\Program Files\Java\jdk-13.0.2\bin\jimage.dll
Event: 0.007 Loading shared library C:\Program Files\Java\jdk-13.0.2\lib\libjava.base-coop.dll failed, error code 126
Event: 0.007 Loading shared library C:\Program Files\Java\jdk-13.0.2\lib\libjava.logging-coop.dll failed, error code 126
Event: 0.007 Loading shared library C:\Program Files\Java\jdk-13.0.2\lib\libjdk.compiler-coop.dll failed, error code 126
Event: 0.007 Loading shared library C:\Program Files\Java\jdk-13.0.2\lib\libjdk.scripting.nashorn-coop.dll failed, error code 126
Event: 0.008 Loading shared library C:\Program Files\Java\jdk-13.0.2\lib\libjdk.internal.vm.ci-coop.dll failed, error code 126
Event: 0.008 Loading shared library C:\Program Files\Java\jdk-13.0.2\lib\libjdk.internal.vm.compiler-coop.dll failed, error code 126


Dynamic libraries:
0x00007ff6c8530000 - 0x00007ff6c853f000 	C:\Program Files\Java\jdk-13.0.2\bin\java.exe
0x00007ff937e60000 - 0x00007ff938069000 	C:\WINDOWS\SYSTEM32\ntdll.dll
0x00007ff937170000 - 0x00007ff93722e000 	C:\WINDOWS\System32\KERNEL32.DLL
0x00007ff935780000 - 0x00007ff935b04000 	C:\WINDOWS\System32\KERNELBASE.dll
0x00007ff935310000 - 0x00007ff935421000 	C:\WINDOWS\System32\ucrtbase.dll
0x00007ff8faf80000 - 0x00007ff8faf95000 	C:\Program Files\Java\jdk-13.0.2\bin\VCRUNTIME140.dll
0x00007ff92f320000 - 0x00007ff92f338000 	C:\Program Files\Java\jdk-13.0.2\bin\jli.dll
0x00007ff937750000 - 0x00007ff9377ff000 	C:\WINDOWS\System32\ADVAPI32.dll
0x00007ff937b80000 - 0x00007ff937c23000 	C:\WINDOWS\System32\msvcrt.dll
0x00007ff937610000 - 0x00007ff9376ae000 	C:\WINDOWS\System32\sechost.dll
0x00007ff9362a0000 - 0x00007ff9363c1000 	C:\WINDOWS\System32\RPCRT4.dll
0x00007ff937c60000 - 0x00007ff937e0d000 	C:\WINDOWS\System32\USER32.dll
0x00007ff9354b0000 - 0x00007ff9354d6000 	C:\WINDOWS\System32\win32u.dll
0x00007ff91b1b0000 - 0x00007ff91b455000 	C:\WINDOWS\WinSxS\amd64_microsoft.windows.common-controls_6595b64144ccf1df_6.0.22000.120_none_9d947278b86cc467\COMCTL32.dll
0x00007ff937c30000 - 0x00007ff937c5a000 	C:\WINDOWS\System32\GDI32.dll
0x00007ff935b10000 - 0x00007ff935c2f000 	C:\WINDOWS\System32\gdi32full.dll
0x00007ff935c30000 - 0x00007ff935ccd000 	C:\WINDOWS\System32\msvcp_win.dll
0x00007ff92f400000 - 0x00007ff92f40a000 	C:\WINDOWS\SYSTEM32\VERSION.dll
0x00007ff936e10000 - 0x00007ff936e41000 	C:\WINDOWS\System32\IMM32.DLL
0x00007ff8b7170000 - 0x00007ff8b720b000 	C:\Program Files\Java\jdk-13.0.2\bin\msvcp140.dll
0x00007ff89a450000 - 0x00007ff89afad000 	C:\Program Files\Java\jdk-13.0.2\bin\server\jvm.dll
0x00007ff9379e0000 - 0x00007ff9379e8000 	C:\WINDOWS\System32\PSAPI.DLL
0x00007ff92e0d0000 - 0x00007ff92e103000 	C:\WINDOWS\SYSTEM32\WINMM.dll
0x00007ff92cae0000 - 0x00007ff92cae9000 	C:\WINDOWS\SYSTEM32\WSOCK32.dll
0x00007ff936230000 - 0x00007ff93629f000 	C:\WINDOWS\System32\WS2_32.dll
0x00007ff934390000 - 0x00007ff9343a8000 	C:\WINDOWS\SYSTEM32\kernel.appcore.dll
0x00007ff92f5c0000 - 0x00007ff92f5d0000 	C:\Program Files\Java\jdk-13.0.2\bin\verify.dll
0x00007ff932a80000 - 0x00007ff932ca1000 	C:\WINDOWS\SYSTEM32\DBGHELP.DLL
0x00007ff910e50000 - 0x00007ff910e81000 	C:\WINDOWS\SYSTEM32\dbgcore.DLL
0x00007ff935430000 - 0x00007ff9354af000 	C:\WINDOWS\System32\bcryptPrimitives.dll
0x00007ff8faf10000 - 0x00007ff8faf36000 	C:\Program Files\Java\jdk-13.0.2\bin\java.dll
0x00007ff8faef0000 - 0x00007ff8faf07000 	C:\Program Files\Java\jdk-13.0.2\bin\zip.dll
0x00007ff9207c0000 - 0x00007ff9207ca000 	C:\Program Files\Java\jdk-13.0.2\bin\jimage.dll

dbghelp: loaded successfully - version: 4.0.5 - missing functions: none
symbol engine: initialized successfully - sym options: 0x614 - pdb path: .;C:\Program Files\Java\jdk-13.0.2\bin;C:\WINDOWS\SYSTEM32;C:\WINDOWS\WinSxS\amd64_microsoft.windows.common-controls_6595b64144ccf1df_6.0.22000.120_none_9d947278b86cc467;C:\Program Files\Java\jdk-13.0.2\bin\server

VM Arguments:
jvm_args: -Dfile.encoding=UTF-8 --module-path=C:\Users\mturr\OneDrive\Documentos\NetBeansProjects\Examen_final\build\classes 
java_command: Principal
java_class_path (initial): C:\Users\mturr\Downloads\mysql-connector-j-8.0.33\mysql-connector-j-8.0.33.jar;C:\Users\mturr\OneDrive\Documentos\NetBeansProjects\Examen_final\build\classes
Launcher Type: SUN_STANDARD

[Global flags]
     intx CICompilerCount                          = 4                                         {product} {ergonomic}
     uint ConcGCThreads                            = 2                                         {product} {ergonomic}
     uint G1ConcRefinementThreads                  = 8                                         {product} {ergonomic}
   size_t G1HeapRegionSize                         = 1048576                                   {product} {ergonomic}
    uintx GCDrainStackTargetSize                   = 64                                        {product} {ergonomic}
   size_t InitialHeapSize                          = 132120576                                 {product} {ergonomic}
   size_t MarkStackSize                            = 4194304                                   {product} {ergonomic}
   size_t MaxHeapSize                              = 2105540608                                {product} {ergonomic}
   size_t MinHeapDeltaBytes                        = 1048576                                   {product} {ergonomic}
   size_t MinHeapSize                              = 8388608                                   {product} {ergonomic}
    uintx NonNMethodCodeHeapSize                   = 5839372                                {pd product} {ergonomic}
    uintx NonProfiledCodeHeapSize                  = 122909434                              {pd product} {ergonomic}
    uintx ProfiledCodeHeapSize                     = 122909434                              {pd product} {ergonomic}
    uintx ReservedCodeCacheSize                    = 251658240                              {pd product} {ergonomic}
     bool SegmentedCodeCache                       = true                                      {product} {ergonomic}
   size_t SoftMaxHeapSize                          = 2105540608                             {manageable} {ergonomic}
     bool UseCompressedClassPointers               = true                                 {lp64_product} {ergonomic}
     bool UseCompressedOops                        = true                                 {lp64_product} {ergonomic}
     bool UseG1GC                                  = true                                      {product} {ergonomic}
     bool UseLargePagesIndividualAllocation        = false                                  {pd product} {ergonomic}

Logging:
Log output configuration:
 #0: stdout all=warning uptime,level,tags
 #1: stderr all=off uptime,level,tags

Environment Variables:
PATH=C:\Program Files (x86)\Common Files\Oracle\Java\javapath;C:\WINDOWS\system32;C:\WINDOWS;C:\WINDOWS\System32\Wbem;C:\WINDOWS\System32\WindowsPowerShell\v1.0\;C:\WINDOWS\System32\OpenSSH\;C:\Program Files\Microsoft SQL Server\Client SDK\ODBC\110\Tools\Binn\;C:\Program Files (x86)\Microsoft SQL Server\120\Tools\Binn\;C:\Program Files\Microsoft SQL Server\120\Tools\Binn\;C:\Program Files\Microsoft SQL Server\120\DTS\Binn\;C:\Program Files (x86)\Microsoft SQL Server\120\Tools\Binn\ManagementStudio\;C:\Program Files (x86)\Microsoft SQL Server\120\DTS\Binn\;C:\Program Files\AutoFirma\AutoFirma;C:\Program Files\Git\cmd;C:\Program Files\nodejs\;C:\xampp\php;C:\Users\mturr\scoop\shims;C:\Users\mturr\AppData\Local\Microsoft\WindowsApps;C:\Users\mturr\AppData\Local\Programs\Microsoft VS Code\bin;C:\Users\mturr\AppData\Local\Programs\Git\cmd;C:\Users\mturr\AppData\Roaming\npm;C:\Users\mturr\AppData\Local\GitHubDesktop\bin;C:\Users\mturr\AppData\Local\ComposerSetup\bin;C:\Users\mturr\AppData\Roaming\Composer\vendor\bin
USERNAME=mturr
OS=Windows_NT
PROCESSOR_IDENTIFIER=Intel64 Family 6 Model 142 Stepping 12, GenuineIntel



---------------  S Y S T E M  ---------------

OS: Windows 10 , 64 bit Build 22000 (10.0.22000.1880)

CPU:total 8 (initial active 8) (4 cores per cpu, 2 threads per core) family 6 model 142 stepping 12, cmov, cx8, fxsr, mmx, sse, sse2, sse3, ssse3, sse4.1, sse4.2, popcnt, avx, avx2, aes, clmul, erms, 3dnowpref, lzcnt, ht, tsc, tscinvbit, bmi1, bmi2, adx, fma

Memory: 4k page, system-wide physical 8025M (365M free)
TotalPageFile size 10701M (AvailPageFile size 94M)
current process WorkingSet (physical memory assigned to process): 11M, peak: 11M
current process commit charge ("private bytes"): 60M, peak: 186M

vm_info: Java HotSpot(TM) 64-Bit Server VM (13.0.2+8) for windows-amd64 JRE (13.0.2+8), built on Dec 11 2019 09:20:33 by "mach5one" with unknown MS VC++:1916

END.
